e:\projects\calibration\calibration\debug\vc141.pdb
e:\projects\calibration\calibration\debug\vc141.idb
e:\projects\calibration\calibration\debug\undistortion.obj
e:\projects\calibration\calibration\debug\unittestdistortimagepixelditance.obj
e:\projects\calibration\calibration\debug\stereocalibration.obj
e:\projects\calibration\calibration\debug\monocalib.obj
e:\projects\calibration\calibration\debug\main.obj
e:\projects\calibration\calibration\debug\camera_calibration.obj
e:\projects\calibration\debug\calibration.exe
e:\projects\calibration\debug\calibration.ilk
e:\projects\calibration\debug\calibration.pdb
c:\users\vito_\desktop\calibration\calibration\debug\camera_calibration.obj
c:\users\vito_\desktop\calibration\calibration\debug\main.obj
c:\users\vito_\desktop\calibration\calibration\debug\monocalib.obj
c:\users\vito_\desktop\calibration\calibration\debug\stereocalibration.obj
c:\users\vito_\desktop\calibration\calibration\debug\undistortion.obj
c:\users\vito_\desktop\calibration\calibration\debug\unittestdistortimagepixelditance.obj
c:\users\vito_\desktop\calibration\calibration\debug\monocalib.obj.enc
c:\users\vito_\desktop\calibration\calibration\debug\stereocalibration.obj.enc
c:\users\vito_\desktop\calibration\calibration\debug\vc141.idb
c:\users\vito_\desktop\calibration\calibration\debug\vc141.pdb
c:\users\vito_\desktop\calibration\debug\calibration.pdb
c:\users\vito_\desktop\calibration\debug\calibration.exe
c:\users\vito_\desktop\calibration\debug\calibration.ilk
c:\users\vito_\desktop\calibration\calibration\debug\calibration.tlog\cl.command.1.tlog
c:\users\vito_\desktop\calibration\calibration\debug\calibration.tlog\cl.read.1.tlog
c:\users\vito_\desktop\calibration\calibration\debug\calibration.tlog\cl.write.1.tlog
c:\users\vito_\desktop\calibration\calibration\debug\calibration.tlog\link.command.1.tlog
c:\users\vito_\desktop\calibration\calibration\debug\calibration.tlog\link.read.1.tlog
c:\users\vito_\desktop\calibration\calibration\debug\calibration.tlog\link.write.1.tlog
