c:\users\vito_\desktop\calibration2.0\calibration\x64\debug\vc141.pdb
c:\users\vito_\desktop\calibration2.0\calibration\x64\debug\vc141.idb
c:\users\vito_\desktop\calibration2.0\calibration\x64\debug\undistortion.obj
c:\users\vito_\desktop\calibration2.0\calibration\x64\debug\unittestdistortimagepixelditance.obj
c:\users\vito_\desktop\calibration2.0\calibration\x64\debug\stereocalibration.obj
c:\users\vito_\desktop\calibration2.0\calibration\x64\debug\monocalib.obj
c:\users\vito_\desktop\calibration2.0\calibration\x64\debug\main.obj
c:\users\vito_\desktop\calibration2.0\calibration\x64\debug\camera_calibration.obj
c:\users\vito_\desktop\calibration\calibration\x64\debug\vc141.pdb
c:\users\vito_\desktop\calibration\calibration\x64\debug\vc141.idb
c:\users\vito_\desktop\calibration\calibration\x64\debug\undistortion.obj
c:\users\vito_\desktop\calibration\calibration\x64\debug\unittestdistortimagepixelditance.obj
c:\users\vito_\desktop\calibration\calibration\x64\debug\unittest.obj
c:\users\vito_\desktop\calibration\calibration\x64\debug\stereocalibration.obj
c:\users\vito_\desktop\calibration\calibration\x64\debug\monocalib.obj
c:\users\vito_\desktop\calibration\calibration\x64\debug\main.obj
c:\users\vito_\desktop\calibration\calibration\x64\debug\dltalgorithm.obj
c:\users\vito_\desktop\calibration\calibration\x64\debug\camera_calibration.obj
c:\users\vito_\desktop\calibration\x64\debug\calibration.pdb
c:\users\vito_\desktop\calibration\calibration\x64\debug\calibration.tlog\cl.command.1.tlog
c:\users\vito_\desktop\calibration\calibration\x64\debug\calibration.tlog\cl.read.1.tlog
c:\users\vito_\desktop\calibration\calibration\x64\debug\calibration.tlog\cl.write.1.tlog
c:\users\vito_\desktop\calibration\calibration\x64\debug\calibration.tlog\link-cvtres.read.1.tlog
c:\users\vito_\desktop\calibration\calibration\x64\debug\calibration.tlog\link-cvtres.write.1.tlog
c:\users\vito_\desktop\calibration\calibration\x64\debug\calibration.tlog\link-rc.read.1.tlog
c:\users\vito_\desktop\calibration\calibration\x64\debug\calibration.tlog\link-rc.write.1.tlog
c:\users\vito_\desktop\calibration\calibration\x64\debug\calibration.tlog\link.command.1.tlog
c:\users\vito_\desktop\calibration\calibration\x64\debug\calibration.tlog\link.read.1.tlog
c:\users\vito_\desktop\calibration\calibration\x64\debug\calibration.tlog\link.write.1.tlog
