  camera_calibration.cpp
e:\opencv\build\include\opencv2\core\mat.hpp(1964): warning C4819: 该文件包含不能在当前代码页(936)中表示的字符。请将该文件保存为 Unicode 格式以防止数据丢失
e:\opencv\build\include\opencv2\core\persistence.hpp : warning C4819: 该文件包含不能在当前代码页(936)中表示的字符。请将该文件保存为 Unicode 格式以防止数据丢失
e:\opencv\build\include\opencv2\core\utility.hpp : warning C4819: 该文件包含不能在当前代码页(936)中表示的字符。请将该文件保存为 Unicode 格式以防止数据丢失
e:\opencv\build\include\opencv2\core\utility.hpp : warning C4819: 该文件包含不能在当前代码页(936)中表示的字符。请将该文件保存为 Unicode 格式以防止数据丢失
e:\projects\calibration\calibration\camera_calibration.cpp(503): error C4996: 'localtime': This function or variable may be unsafe. Consider using localtime_s instead. To disable deprecation, use _CRT_SECURE_NO_WARNINGS. See online help for details.
  c:\program files (x86)\windows kits\10\include\10.0.10240.0\ucrt\time.h(505): note: 参见“localtime”的声明
e:\projects\calibration\calibration\camera_calibration.cpp(522): error C4996: 'sprintf': This function or variable may be unsafe. Consider using sprintf_s instead. To disable deprecation, use _CRT_SECURE_NO_WARNINGS. See online help for details.
  c:\program files (x86)\windows kits\10\include\10.0.10240.0\ucrt\stdio.h(1769): note: 参见“sprintf”的声明
  main.cpp
e:\opencv\build\include\opencv2\core\mat.hpp(1964): warning C4819: 该文件包含不能在当前代码页(936)中表示的字符。请将该文件保存为 Unicode 格式以防止数据丢失
e:\opencv\build\include\opencv2\core\persistence.hpp : warning C4819: 该文件包含不能在当前代码页(936)中表示的字符。请将该文件保存为 Unicode 格式以防止数据丢失
e:\opencv\build\include\opencv2\core\utility.hpp : warning C4819: 该文件包含不能在当前代码页(936)中表示的字符。请将该文件保存为 Unicode 格式以防止数据丢失
e:\opencv\build\include\opencv2\core\utility.hpp : warning C4819: 该文件包含不能在当前代码页(936)中表示的字符。请将该文件保存为 Unicode 格式以防止数据丢失
e:\projects\calibration\calibration\lm.h(3): fatal error C1083: 无法打开包括文件: “Eigen/Dense”: No such file or directory
  MonoCalib.cpp
e:\opencv\build\include\opencv2\core\mat.hpp(1964): warning C4819: 该文件包含不能在当前代码页(936)中表示的字符。请将该文件保存为 Unicode 格式以防止数据丢失
e:\opencv\build\include\opencv2\core\persistence.hpp : warning C4819: 该文件包含不能在当前代码页(936)中表示的字符。请将该文件保存为 Unicode 格式以防止数据丢失
e:\opencv\build\include\opencv2\core\utility.hpp : warning C4819: 该文件包含不能在当前代码页(936)中表示的字符。请将该文件保存为 Unicode 格式以防止数据丢失
e:\opencv\build\include\opencv2\core\utility.hpp : warning C4819: 该文件包含不能在当前代码页(936)中表示的字符。请将该文件保存为 Unicode 格式以防止数据丢失
  StereoCalibration.cpp
e:\opencv\build\include\opencv2\core\mat.hpp(1964): warning C4819: 该文件包含不能在当前代码页(936)中表示的字符。请将该文件保存为 Unicode 格式以防止数据丢失
e:\opencv\build\include\opencv2\core\persistence.hpp : warning C4819: 该文件包含不能在当前代码页(936)中表示的字符。请将该文件保存为 Unicode 格式以防止数据丢失
e:\opencv\build\include\opencv2\core\utility.hpp : warning C4819: 该文件包含不能在当前代码页(936)中表示的字符。请将该文件保存为 Unicode 格式以防止数据丢失
e:\opencv\build\include\opencv2\core\utility.hpp : warning C4819: 该文件包含不能在当前代码页(936)中表示的字符。请将该文件保存为 Unicode 格式以防止数据丢失
e:\projects\calibration\calibration\stereocalibration.cpp(113): warning C4244: “=”: 从“float”转换到“int”，可能丢失数据
e:\projects\calibration\calibration\stereocalibration.cpp(114): warning C4244: “=”: 从“float”转换到“int”，可能丢失数据
e:\projects\calibration\calibration\stereocalibration.cpp(124): warning C4244: “=”: 从“float”转换到“int”，可能丢失数据
e:\projects\calibration\calibration\stereocalibration.cpp(125): warning C4244: “=”: 从“float”转换到“int”，可能丢失数据
e:\projects\calibration\calibration\stereocalibration.cpp(141): warning C4244: “=”: 从“float”转换到“int”，可能丢失数据
e:\projects\calibration\calibration\stereocalibration.cpp(142): warning C4244: “=”: 从“float”转换到“int”，可能丢失数据
e:\projects\calibration\calibration\stereocalibration.cpp(597): warning C4244: “参数”: 从“float”转换到“int”，可能丢失数据
e:\projects\calibration\imglib\basicimagearray.h(434): warning C4477: “fprintf”: 格式字符串“%x”需要类型“unsigned int”的参数，但可变参数 1 拥有了类型“double”
  e:\projects\calibration\imglib\basicimagearray.h(415): note: 编译 类 模板 成员函数 "bool CBasicImageArray<float>::Dump2TextFile(char *)" 时
  e:\projects\calibration\imglib\rgbyuvimage.h(93): note: 参见对正在编译的 类 模板 实例化 "CBasicImageArray<float>" 的引用
  UnitTestDistortImagePixelDitance.cpp
e:\opencv\build\include\opencv2\core\mat.hpp(1964): warning C4819: 该文件包含不能在当前代码页(936)中表示的字符。请将该文件保存为 Unicode 格式以防止数据丢失
e:\opencv\build\include\opencv2\core\persistence.hpp : warning C4819: 该文件包含不能在当前代码页(936)中表示的字符。请将该文件保存为 Unicode 格式以防止数据丢失
e:\opencv\build\include\opencv2\core\utility.hpp : warning C4819: 该文件包含不能在当前代码页(936)中表示的字符。请将该文件保存为 Unicode 格式以防止数据丢失
e:\opencv\build\include\opencv2\core\utility.hpp : warning C4819: 该文件包含不能在当前代码页(936)中表示的字符。请将该文件保存为 Unicode 格式以防止数据丢失
e:\projects\calibration\imglib\basicimagearray.h(434): warning C4477: “fprintf”: 格式字符串“%x”需要类型“unsigned int”的参数，但可变参数 1 拥有了类型“double”
  e:\projects\calibration\imglib\basicimagearray.h(415): note: 编译 类 模板 成员函数 "bool CBasicImageArray<float>::Dump2TextFile(char *)" 时
  e:\projects\calibration\imglib\rgbyuvimage.h(93): note: 参见对正在编译的 类 模板 实例化 "CBasicImageArray<float>" 的引用
  Undistortion.cpp
e:\projects\calibration\calibration\undistortion.cpp(36): warning C4244: “=”: 从“int”转换到“float”，可能丢失数据
e:\projects\calibration\calibration\undistortion.cpp(38): warning C4244: “=”: 从“int”转换到“float”，可能丢失数据
e:\projects\calibration\calibration\undistortion.cpp(261): warning C4244: “初始化”: 从“float”转换到“int”，可能丢失数据
e:\projects\calibration\calibration\undistortion.cpp(289): warning C4244: “初始化”: 从“float”转换到“int”，可能丢失数据
e:\projects\calibration\imglib\basicimagearray.h(434): warning C4477: “fprintf”: 格式字符串“%x”需要类型“unsigned int”的参数，但可变参数 1 拥有了类型“double”
  e:\projects\calibration\imglib\basicimagearray.h(415): note: 编译 类 模板 成员函数 "bool CBasicImageArray<float>::Dump2TextFile(char *)" 时
  e:\projects\calibration\imglib\rgbyuvimage.h(93): note: 参见对正在编译的 类 模板 实例化 "CBasicImageArray<float>" 的引用
